<?xml version="1.0" encoding="UTF-8"?>
<testng-results ignored="0" total="1" passed="1" failed="0" skipped="0">
  <reporter-output>
  </reporter-output>
  <suite started-at="2022-11-12T19:03:24 IST" name="Default suite" finished-at="2022-11-12T19:04:02 IST" duration-ms="37933">
    <groups>
    </groups>
    <test started-at="2022-11-12T19:03:24 IST" name="Default test" finished-at="2022-11-12T19:04:02 IST" duration-ms="37933">
      <class name="brokenLinks.CaptureTheBrokenLinksOfWebPage3Test">
        <test-method signature="captureBrokenLinkTest()[pri:0, instance:brokenLinks.CaptureTheBrokenLinksOfWebPage3Test@4d0f2471]" started-at="2022-11-12T19:03:24 IST" name="captureBrokenLinkTest" finished-at="2022-11-12T19:04:02 IST" duration-ms="37846" status="PASS">
          <reporter-output>
          </reporter-output>
        </test-method> <!-- captureBrokenLinkTest -->
      </class> <!-- brokenLinks.CaptureTheBrokenLinksOfWebPage3Test -->
    </test> <!-- Default test -->
  </suite> <!-- Default suite -->
</testng-results>
