<?xml version="1.0" encoding="UTF-8"?>
<testng-results ignored="0" total="1" passed="1" failed="0" skipped="0">
  <reporter-output>
  </reporter-output>
  <suite started-at="2022-10-06T13:22:18 IST" name="Default suite" finished-at="2022-10-06T13:22:23 IST" duration-ms="5028">
    <groups>
    </groups>
    <test started-at="2022-10-06T13:22:18 IST" name="Default test" finished-at="2022-10-06T13:22:23 IST" duration-ms="5028">
      <class name="employeeDatabase.CreateTheDatabaseAndVerifyTheEname">
        <test-method signature="createTable()[pri:0, instance:employeeDatabase.CreateTheDatabaseAndVerifyTheEname@3d6f0054]" started-at="2022-10-06T13:22:18 IST" name="createTable" finished-at="2022-10-06T13:22:23 IST" duration-ms="4935" status="PASS">
          <reporter-output>
          </reporter-output>
        </test-method> <!-- createTable -->
      </class> <!-- employeeDatabase.CreateTheDatabaseAndVerifyTheEname -->
    </test> <!-- Default test -->
  </suite> <!-- Default suite -->
</testng-results>
